<?xml version="1.0" encoding="UTF-8"?>
<!-- Generated by org.testng.reporters.JUnitReportReporter -->
<testsuite hostname="DESKTOP-L6N98KA" failures="0" tests="1" name="com.nomealwaste.users.TestUser" time="1.440" errors="0" timestamp="2022-01-07T05:33:43 EST" skipped="0">
  <testcase classname="com.nomealwaste.users.TestUser" name="testCategoryEntry" time="1.440"/>
  <system-out/>
</testsuite> <!-- com.nomealwaste.users.TestUser -->
