<?xml version="1.0" encoding="UTF-8"?>
<!-- Generated by org.testng.reporters.JUnitReportReporter -->
<testsuite hostname="DESKTOP-L6N98KA" failures="0" tests="2" name="com.nomealwaste.dao.UserDAOTest" time="0.140" errors="0" timestamp="2022-01-07T16:19:29 EST" skipped="1">
  <testcase classname="com.nomealwaste.dao.UserDAOTest" name="validateListOfUsers" time="0.140"/>
  <system-out/>
  <testcase classname="com.nomealwaste.dao.UserDAOTest" name="validateCreateUser">
    <skipped/>
  </testcase> <!-- validateCreateUser -->
  <system-out/>
</testsuite> <!-- com.nomealwaste.dao.UserDAOTest -->
